<?xml version="1.0" encoding="UTF-8"?>
<!-- Generated by org.testng.reporters.JUnitReportReporter -->
<testsuite hostname="GRL-LT-205" failures="0" tests="2" name="opencart.DummyW" time="0.018" errors="0" timestamp="2024-03-14T12:49:28 IST" skipped="0">
  <testcase classname="opencart.DummyW" name="test1" time="0.016"/>
  <system-out/>
  <testcase classname="opencart.DummyW" name="test2" time="0.002"/>
  <system-out/>
</testsuite> <!-- opencart.DummyW -->
