<?xml version="1.0" encoding="UTF-8"?>
<!-- Generated by org.testng.reporters.JUnitReportReporter -->
<testsuite hostname="GRL-LT-205" failures="0" tests="1" name="testCases.TC_005FlightAccount" time="1.673" errors="0" timestamp="2024-04-02T15:04:09 IST" skipped="0">
  <testcase classname="testCases.TC_005FlightAccount" name="verify_account_registration" time="1.673"/>
  <system-out/>
</testsuite> <!-- testCases.TC_005FlightAccount -->
