<?xml version="1.0" encoding="UTF-8"?>
<!-- Generated by org.testng.reporters.JUnitReportReporter -->
<testsuite hostname="GRL-LT-205" failures="0" tests="1" name="testCases.TC_001AccountRegisterPage" time="2.399" errors="0" timestamp="2024-03-20T17:00:30 IST" skipped="0">
  <testcase classname="testCases.TC_001AccountRegisterPage" name="verify_account_registration" time="2.399"/>
  <system-out/>
</testsuite> <!-- testCases.TC_001AccountRegisterPage -->
