<?xml version="1.0" encoding="UTF-8"?>
<!-- Generated by org.testng.reporters.JUnitReportReporter -->
<testsuite hostname="GRL-LT-205" failures="0" tests="5" name="testCases.TC_003LoginDDT" time="33.145" errors="0" timestamp="2024-03-17T10:37:04 IST" skipped="0">
  <testcase classname="testCases.TC_003LoginDDT" name="verify_loginDDT" time="10.427"/>
  <system-out/>
  <testcase classname="testCases.TC_003LoginDDT" name="verify_loginDDT" time="0.902"/>
  <system-out/>
  <testcase classname="testCases.TC_003LoginDDT" name="verify_loginDDT" time="10.436"/>
  <system-out/>
  <testcase classname="testCases.TC_003LoginDDT" name="verify_loginDDT" time="10.415"/>
  <system-out/>
  <testcase classname="testCases.TC_003LoginDDT" name="verify_loginDDT" time="0.965"/>
  <system-out/>
</testsuite> <!-- testCases.TC_003LoginDDT -->
