<?xml version="1.0" encoding="UTF-8"?>
<!-- Generated by org.testng.reporters.JUnitReportReporter -->
<testsuite hostname="GRL-LT-205" failures="0" tests="1" name="testCases.TC_001AccountRegisterPage" time="1.821" errors="0" timestamp="2024-03-18T19:19:16 IST" skipped="0">
  <testcase classname="testCases.TC_001AccountRegisterPage" name="verify_account_registration" time="1.821"/>
  <system-out/>
</testsuite> <!-- testCases.TC_001AccountRegisterPage -->
