<?xml version="1.0" encoding="UTF-8"?>
<!-- Generated by org.testng.reporters.JUnitReportReporter -->
<testsuite hostname="GRL-LT-205" failures="0" tests="1" name="testCases.TC_002LoginTest" time="0.922" errors="0" timestamp="2024-03-20T22:26:41 IST" skipped="0">
  <testcase classname="testCases.TC_002LoginTest" name="verify_Login" time="0.922"/>
</testsuite> <!-- testCases.TC_002LoginTest -->
